[2024-11-11 07:21:32.831][thread 104692][/home/jerry/Desktop/questionnare/questionnare-src/main.cc:69,main][info] : main into
[2024-11-11 07:21:32.833][thread 104692][/home/jerry/Desktop/questionnare/questionnare-src/mysql/db_pool.cc:570,Init][info] : db_host:localhost, db_port:3306, db_dbname:survey_system, db_username:root, db_password:123456
[2024-11-11 07:21:32.842][thread 104692][/home/jerry/Desktop/questionnare/questionnare-src/mysql/db_pool.cc:570,Init][info] : db_host:localhost, db_port:3306, db_dbname:survey_system, db_username:root, db_password:123456
[2024-11-11 07:21:32.844][thread 104692][/home/jerry/Desktop/questionnare/questionnare-src/main.cc:109,main][info] : server start listen on:For http://0.0.0.0:8081
[2024-11-11 07:21:32.844][thread 104692][/home/jerry/Desktop/questionnare/questionnare-src/main.cc:111,main][info] : now enter the event loop...
[2024-11-11 07:21:51.511][thread 104692][/home/jerry/Desktop/questionnare/questionnare-src/http_conn.cc:118,CHttpConn][info] : conn_uuid: 1, conn_handle_: 1
[2024-11-11 07:21:51.511][thread 104692][/home/jerry/Desktop/questionnare/questionnare-src/http_conn.cc:212,OnRead][info] : url: /api/reg
[2024-11-11 07:21:51.511][thread 104701][/home/jerry/Desktop/questionnare/questionnare-src/api/api_register.cc:124,ApiRegisterUser][info] : uuid: 1, url: /api/reg, post_data: {"userName":"tom","firstPwd":"e10adc3949ba59abbe56e057f20f883e"}
[2024-11-11 07:21:51.513][thread 104701][/home/jerry/Desktop/questionnare/questionnare-src/api/api_register.cc:86,registerUser][info] : 执行: insert into Users (user_name, password) values (?,?)
[2024-11-11 07:21:51.516][thread 104701][/home/jerry/Desktop/questionnare/questionnare-src/api/api_register.cc:99,registerUser][info] : insert user_id: 16
[2024-11-11 07:21:51.516][thread 104701][/home/jerry/Desktop/questionnare/questionnare-src/http_conn.cc:368,AddResponseData][info] : into
[2024-11-11 07:21:51.517][thread 104692][/home/jerry/Desktop/questionnare/questionnare-src/http_conn.cc:353,SendResponseDataList][info] : conn_uuid: 1
[2024-11-11 07:21:51.517][thread 104692][/home/jerry/Desktop/questionnare/questionnare-src/http_conn.cc:355,SendResponseDataList][info] : send: HTTP/1.1 200 OK
Connection:close
Content-Length:11
Content-Type:application/json;charset=utf-8

{"code":0}

[2024-11-11 07:21:51.517][thread 104692][/home/jerry/Desktop/questionnare/questionnare-src/http_conn.cc:338,OnWriteComlete][info] : write complete
[2024-11-11 07:21:51.517][thread 104692][/home/jerry/Desktop/questionnare/questionnare-src/http_conn.cc:122,~CHttpConn][info] : ~CHttpConn, handle = 1
[2024-11-11 07:21:55.943][thread 104692][/home/jerry/Desktop/questionnare/questionnare-src/http_conn.cc:118,CHttpConn][info] : conn_uuid: 2, conn_handle_: 2
[2024-11-11 07:21:55.943][thread 104692][/home/jerry/Desktop/questionnare/questionnare-src/http_conn.cc:212,OnRead][info] : url: /api/login
[2024-11-11 07:21:55.944][thread 104701][/home/jerry/Desktop/questionnare/questionnare-src/api/api_login.cc:103,verifyUserPassword][info] : mysql-pwd: e10adc3949ba59abbe56e057f20f883e, user-pwd: e10adc3949ba59abbe56e057f20f883e
[2024-11-11 07:21:55.944][thread 104701][/home/jerry/Desktop/questionnare/questionnare-src/api/api_common.cc:111,DBGetUserTableCountByUsername][info] : 执行：select user_id from Users where user_name='tom'
[2024-11-11 07:21:55.951][thread 104701][/home/jerry/Desktop/questionnare/questionnare-src/api/api_common.cc:127,DBGetUserTableCountByUsername][info] : 执行：select count(*) from Surveys where user_id=16
[2024-11-11 07:21:55.952][thread 104701][/home/jerry/Desktop/questionnare/questionnare-src/api/api_login.cc:170,loadMyTablesCount][info] : TABLE_USER_COUNT: 0
[2024-11-11 07:21:55.952][thread 104701][/home/jerry/Desktop/questionnare/questionnare-src/http_conn.cc:368,AddResponseData][info] : into
[2024-11-11 07:21:55.954][thread 104692][/home/jerry/Desktop/questionnare/questionnare-src/http_conn.cc:353,SendResponseDataList][info] : conn_uuid: 2
[2024-11-11 07:21:55.954][thread 104692][/home/jerry/Desktop/questionnare/questionnare-src/http_conn.cc:355,SendResponseDataList][info] : send: HTTP/1.1 200 OK
Connection:close
Content-Length:54
Content-Type:application/json;charset=utf-8

{"code":0,"token":"wcnncleqtihhbnlbfssuwbvkrrrsneal"}

[2024-11-11 07:21:55.954][thread 104692][/home/jerry/Desktop/questionnare/questionnare-src/http_conn.cc:338,OnWriteComlete][info] : write complete
[2024-11-11 07:21:55.954][thread 104692][/home/jerry/Desktop/questionnare/questionnare-src/http_conn.cc:122,~CHttpConn][info] : ~CHttpConn, handle = 2
[2024-11-11 07:21:56.961][thread 104692][/home/jerry/Desktop/questionnare/questionnare-src/http_conn.cc:118,CHttpConn][info] : conn_uuid: 3, conn_handle_: 3
[2024-11-11 07:21:56.961][thread 104692][/home/jerry/Desktop/questionnare/questionnare-src/http_conn.cc:212,OnRead][info] : url: /api/mytables?cmd=count
[2024-11-11 07:21:56.961][thread 104692][/home/jerry/Desktop/questionnare/questionnare-src/api/api_mytables.cc:419,ApiMyTables][info] : url: /api/mytables?cmd=count, cmd: count 
[2024-11-11 07:21:56.962][thread 104692][/home/jerry/Desktop/questionnare/questionnare-src/api/api_mytables.cc:173,getUserTableList][info] : getUserTableList info
[2024-11-11 07:21:56.962][thread 104692][/home/jerry/Desktop/questionnare/questionnare-src/api/api_common.cc:111,DBGetUserTableCountByUsername][info] : 执行：select user_id from Users where user_name='tom'
[2024-11-11 07:21:56.963][thread 104692][/home/jerry/Desktop/questionnare/questionnare-src/api/api_common.cc:127,DBGetUserTableCountByUsername][info] : 执行：select count(*) from Surveys where user_id=16
[2024-11-11 07:21:56.965][thread 104692][/home/jerry/Desktop/questionnare/questionnare-src/api/api_mytables.cc:195,getUserTableList][warning] : getUserTablesCount = 0
[2024-11-11 07:21:56.965][thread 104692][/home/jerry/Desktop/questionnare/questionnare-src/http_conn.cc:338,OnWriteComlete][info] : write complete
[2024-11-11 07:21:56.965][thread 104692][/home/jerry/Desktop/questionnare/questionnare-src/http_conn.cc:122,~CHttpConn][info] : ~CHttpConn, handle = 3
[2024-11-11 07:21:58.568][thread 104692][/home/jerry/Desktop/questionnare/questionnare-src/http_conn.cc:118,CHttpConn][info] : conn_uuid: 4, conn_handle_: 4
[2024-11-11 07:21:58.568][thread 104692][/home/jerry/Desktop/questionnare/questionnare-src/http_conn.cc:212,OnRead][info] : url: /api/unreg
[2024-11-11 07:21:58.569][thread 104692][/home/jerry/Desktop/questionnare/questionnare-src/api/api_unreg.cc:81,unregisterUser][info] : 执行: delete from Users where user_id = ?
[2024-11-11 07:21:58.571][thread 104692][/home/jerry/Desktop/questionnare/questionnare-src/http_conn.cc:338,OnWriteComlete][info] : write complete
[2024-11-11 07:21:58.571][thread 104692][/home/jerry/Desktop/questionnare/questionnare-src/http_conn.cc:122,~CHttpConn][info] : ~CHttpConn, handle = 4
